==================== 2026-07-08T09:45:11.461687Z | 00000000-0000-0000-0000-000000000000 ====================
==================== 2026-07-08T09:45:11.466600Z | bf7e9e07-ef50-4fee-93a5-90041d5ea13b ====================
09:45:11.466948 [info ]: Starting dbt LSP server
09:45:11.467785 [info ]: Connecting to LSP client on port 8001
09:45:11.479815 [info ]: Successfully connected to LSP client
09:45:11.480029 [info ]: Creating LSP service...
09:45:11.575591 [info ]: Creating LSP server...
09:45:11.575640 [info ]: Starting LSP server...
==================== 2026-07-08T09:53:37.602989Z | 00000000-0000-0000-0000-000000000000 ====================
==================== 2026-07-08T09:53:37.603552Z | 9e59ff29-bf5d-44ff-b701-ec118a4c84a8 ====================
09:53:37.603619 [info ]: Starting dbt LSP server
09:53:37.603666 [info ]: Connecting to LSP client on port 8001
09:53:37.610309 [info ]: Successfully connected to LSP client
09:53:37.610359 [info ]: Creating LSP service...
09:53:37.712391 [info ]: Creating LSP server...
09:53:37.712417 [info ]: Starting LSP server...
==================== 2026-07-08T13:24:45.391735Z | 00000000-0000-0000-0000-000000000000 ====================
==================== 2026-07-08T13:24:45.396813Z | 0b94c2cf-ab08-45b0-9665-b064c76de757 ====================
13:24:45.397226 [info ]: Starting dbt LSP server
13:24:45.399686 [info ]: Connecting to LSP client on port 8001
13:24:45.419953 [info ]: Successfully connected to LSP client
13:24:45.420286 [info ]: Creating LSP service...
13:24:45.564250 [info ]: Creating LSP server...
13:24:45.564281 [info ]: Starting LSP server...
14:25:55.024080 [info ]: Started loading project
14:25:55.042104 [info ]: Finished loading project [  0.02s]
